
**** Clean-only build of configuration Default for project MRecorder ****

sh ndk-build clean 

Cannot run program "sh": Launching failed
Error: Program "ndk-build" is not found in PATH

PATH=[C:/Program Files/Java/jre1.8.0_66/bin/server;C:/Program Files/Java/jre1.8.0_66/bin;C:/Program Files/Java/jre1.8.0_66/lib/amd64;C:\ProgramData\Oracle\Java\javapath;C:\WINDOWS\system32;C:\WINDOWS;C:\WINDOWS\System32\Wbem;C:\WINDOWS\System32\WindowsPowerShell\v1.0\;C:\Program Files\Microsoft\Web Platform Installer\;C:\Program Files (x86)\Microsoft ASP.NET\ASP.NET Web Pages\v1.0\;C:\Program Files (x86)\Windows Kits\8.0\Windows Performance Toolkit\;C:\Program Files\Microsoft SQL Server\110\Tools\Binn\;D:\Program Files\pcl 1.7.2\bin;D:\Program Files\matlab\runtime\win64;D:\Program Files\matlab\bin;D:\Program Files\matlab\polyspace\bin;E:\Android\adt-bundle-windows-x86_64-20131030\eclipse;]

**** Build Finished ****

**** Build of configuration Default for project MRecorder ****

sh ndk-build all 

Cannot run program "sh": Launching failed
Error: Program "ndk-build" is not found in PATH

PATH=[C:/Program Files/Java/jre1.8.0_66/bin/server;C:/Program Files/Java/jre1.8.0_66/bin;C:/Program Files/Java/jre1.8.0_66/lib/amd64;C:\ProgramData\Oracle\Java\javapath;C:\WINDOWS\system32;C:\WINDOWS;C:\WINDOWS\System32\Wbem;C:\WINDOWS\System32\WindowsPowerShell\v1.0\;C:\Program Files\Microsoft\Web Platform Installer\;C:\Program Files (x86)\Microsoft ASP.NET\ASP.NET Web Pages\v1.0\;C:\Program Files (x86)\Windows Kits\8.0\Windows Performance Toolkit\;C:\Program Files\Microsoft SQL Server\110\Tools\Binn\;D:\Program Files\pcl 1.7.2\bin;D:\Program Files\matlab\runtime\win64;D:\Program Files\matlab\bin;D:\Program Files\matlab\polyspace\bin;E:\Android\adt-bundle-windows-x86_64-20131030\eclipse;]

**** Build Finished ****

**** Build of configuration Default for project MRecorder ****

sh ndk-build all 

Cannot run program "sh": Launching failed
Error: Program "ndk-build" is not found in PATH

PATH=[C:/Program Files/Java/jre1.8.0_66/bin/server;C:/Program Files/Java/jre1.8.0_66/bin;C:/Program Files/Java/jre1.8.0_66/lib/amd64;C:\ProgramData\Oracle\Java\javapath;C:\WINDOWS\system32;C:\WINDOWS;C:\WINDOWS\System32\Wbem;C:\WINDOWS\System32\WindowsPowerShell\v1.0\;C:\Program Files\Microsoft\Web Platform Installer\;C:\Program Files (x86)\Microsoft ASP.NET\ASP.NET Web Pages\v1.0\;C:\Program Files (x86)\Windows Kits\8.0\Windows Performance Toolkit\;C:\Program Files\Microsoft SQL Server\110\Tools\Binn\;D:\Program Files\pcl 1.7.2\bin;D:\Program Files\matlab\runtime\win64;D:\Program Files\matlab\bin;D:\Program Files\matlab\polyspace\bin;E:\Android\adt-bundle-windows-x86_64-20131030\eclipse;]

**** Build Finished ****

**** Build of configuration Default for project MRecorder ****

sh ndk-build all 

Cannot run program "sh": Launching failed
Error: Program "ndk-build" is not found in PATH

PATH=[C:/Program Files/Java/jre1.8.0_66/bin/server;C:/Program Files/Java/jre1.8.0_66/bin;C:/Program Files/Java/jre1.8.0_66/lib/amd64;C:\ProgramData\Oracle\Java\javapath;C:\WINDOWS\system32;C:\WINDOWS;C:\WINDOWS\System32\Wbem;C:\WINDOWS\System32\WindowsPowerShell\v1.0\;C:\Program Files\Microsoft\Web Platform Installer\;C:\Program Files (x86)\Microsoft ASP.NET\ASP.NET Web Pages\v1.0\;C:\Program Files (x86)\Windows Kits\8.0\Windows Performance Toolkit\;C:\Program Files\Microsoft SQL Server\110\Tools\Binn\;D:\Program Files\pcl 1.7.2\bin;D:\Program Files\matlab\runtime\win64;D:\Program Files\matlab\bin;D:\Program Files\matlab\polyspace\bin;E:\Android\adt-bundle-windows-x86_64-20131030\eclipse;]

**** Build Finished ****

**** Build of configuration Default for project MRecorder ****

sh ndk-build all 

Cannot run program "sh": Launching failed
Error: Program "ndk-build" is not found in PATH

PATH=[C:/Program Files/Java/jre1.8.0_66/bin/server;C:/Program Files/Java/jre1.8.0_66/bin;C:/Program Files/Java/jre1.8.0_66/lib/amd64;C:\ProgramData\Oracle\Java\javapath;C:\WINDOWS\system32;C:\WINDOWS;C:\WINDOWS\System32\Wbem;C:\WINDOWS\System32\WindowsPowerShell\v1.0\;C:\Program Files\Microsoft\Web Platform Installer\;C:\Program Files (x86)\Microsoft ASP.NET\ASP.NET Web Pages\v1.0\;C:\Program Files (x86)\Windows Kits\8.0\Windows Performance Toolkit\;C:\Program Files\Microsoft SQL Server\110\Tools\Binn\;D:\Program Files\pcl 1.7.2\bin;D:\Program Files\matlab\runtime\win64;D:\Program Files\matlab\bin;D:\Program Files\matlab\polyspace\bin;E:\Android\adt-bundle-windows-x86_64-20131030\eclipse;]

**** Build Finished ****

**** Build of configuration Default for project MRecorder ****

sh ndk-build all 

Cannot run program "sh": Launching failed
Error: Program "ndk-build" is not found in PATH

PATH=[C:/Program Files/Java/jre1.8.0_66/bin/server;C:/Program Files/Java/jre1.8.0_66/bin;C:/Program Files/Java/jre1.8.0_66/lib/amd64;C:\ProgramData\Oracle\Java\javapath;C:\WINDOWS\system32;C:\WINDOWS;C:\WINDOWS\System32\Wbem;C:\WINDOWS\System32\WindowsPowerShell\v1.0\;C:\Program Files\Microsoft\Web Platform Installer\;C:\Program Files (x86)\Microsoft ASP.NET\ASP.NET Web Pages\v1.0\;C:\Program Files (x86)\Windows Kits\8.0\Windows Performance Toolkit\;C:\Program Files\Microsoft SQL Server\110\Tools\Binn\;D:\Program Files\pcl 1.7.2\bin;D:\Program Files\matlab\runtime\win64;D:\Program Files\matlab\bin;D:\Program Files\matlab\polyspace\bin;E:\Android\adt-bundle-windows-x86_64-20131030\eclipse;]

**** Build Finished ****

**** Build of configuration Default for project MRecorder ****

sh ndk-build all 

Cannot run program "sh": Launching failed
Error: Program "ndk-build" is not found in PATH

PATH=[C:/Program Files/Java/jre1.8.0_66/bin/server;C:/Program Files/Java/jre1.8.0_66/bin;C:/Program Files/Java/jre1.8.0_66/lib/amd64;C:\ProgramData\Oracle\Java\javapath;C:\WINDOWS\system32;C:\WINDOWS;C:\WINDOWS\System32\Wbem;C:\WINDOWS\System32\WindowsPowerShell\v1.0\;C:\Program Files\Microsoft\Web Platform Installer\;C:\Program Files (x86)\Microsoft ASP.NET\ASP.NET Web Pages\v1.0\;C:\Program Files (x86)\Windows Kits\8.0\Windows Performance Toolkit\;C:\Program Files\Microsoft SQL Server\110\Tools\Binn\;D:\Program Files\pcl 1.7.2\bin;D:\Program Files\matlab\runtime\win64;D:\Program Files\matlab\bin;D:\Program Files\matlab\polyspace\bin;E:\Android\adt-bundle-windows-x86_64-20131030\eclipse;]

**** Build Finished ****

**** Build of configuration Default for project MRecorder ****

sh ndk-build all 

Cannot run program "sh": Launching failed
Error: Program "ndk-build" is not found in PATH

PATH=[C:/Program Files/Java/jre1.8.0_66/bin/server;C:/Program Files/Java/jre1.8.0_66/bin;C:/Program Files/Java/jre1.8.0_66/lib/amd64;C:\ProgramData\Oracle\Java\javapath;C:\WINDOWS\system32;C:\WINDOWS;C:\WINDOWS\System32\Wbem;C:\WINDOWS\System32\WindowsPowerShell\v1.0\;C:\Program Files\Microsoft\Web Platform Installer\;C:\Program Files (x86)\Microsoft ASP.NET\ASP.NET Web Pages\v1.0\;C:\Program Files (x86)\Windows Kits\8.0\Windows Performance Toolkit\;C:\Program Files\Microsoft SQL Server\110\Tools\Binn\;D:\Program Files\pcl 1.7.2\bin;D:\Program Files\matlab\runtime\win64;D:\Program Files\matlab\bin;D:\Program Files\matlab\polyspace\bin;E:\Android\adt-bundle-windows-x86_64-20131030\eclipse;]

**** Build Finished ****

**** Build of configuration Default for project MRecorder ****

sh  

Cannot run program "sh": Launching failed
Error: Program "" is not found in PATH

PATH=[C:/Program Files/Java/jre1.8.0_66/bin/server;C:/Program Files/Java/jre1.8.0_66/bin;C:/Program Files/Java/jre1.8.0_66/lib/amd64;C:\ProgramData\Oracle\Java\javapath;C:\WINDOWS\system32;C:\WINDOWS;C:\WINDOWS\System32\Wbem;C:\WINDOWS\System32\WindowsPowerShell\v1.0\;C:\Program Files\Microsoft\Web Platform Installer\;C:\Program Files (x86)\Microsoft ASP.NET\ASP.NET Web Pages\v1.0\;C:\Program Files (x86)\Windows Kits\8.0\Windows Performance Toolkit\;C:\Program Files\Microsoft SQL Server\110\Tools\Binn\;D:\Program Files\pcl 1.7.2\bin;D:\Program Files\matlab\runtime\win64;D:\Program Files\matlab\bin;D:\Program Files\matlab\polyspace\bin;E:\Android\adt-bundle-windows-x86_64-20131030\eclipse;]

**** Build Finished ****
